Starting SellApplication on DaviddeMac-mini.local with PID 1792 (/Volumes/work/学习/SpringBootCode/target/classes started by david in /Volumes/work/学习/SpringBootCode)
No active profile set, falling back to default profiles: default
Multiple Spring Data modules found, entering strict repository configuration mode!
Bootstrapping Spring Data JPA repositories in DEFERRED mode.
Finished Spring Data repository scanning in 107ms. Found 5 JPA repository interfaces.
Multiple Spring Data modules found, entering strict repository configuration mode!
Bootstrapping Spring Data Redis repositories in DEFAULT mode.
Spring Data Redis - Could not safely identify store assignment for repository candidate interface com.imooc.repository.OrderDetailRepository. If you want this repository to be a Redis repository, consider annotating your entities with one of these annotations: org.springframework.data.redis.core.RedisHash (preferred), or consider extending one of the following types with your repository: org.springframework.data.keyvalue.repository.KeyValueRepository.
Spring Data Redis - Could not safely identify store assignment for repository candidate interface com.imooc.repository.OrderMasterRepository. If you want this repository to be a Redis repository, consider annotating your entities with one of these annotations: org.springframework.data.redis.core.RedisHash (preferred), or consider extending one of the following types with your repository: org.springframework.data.keyvalue.repository.KeyValueRepository.
Spring Data Redis - Could not safely identify store assignment for repository candidate interface com.imooc.repository.ProductCategoryRepository. If you want this repository to be a Redis repository, consider annotating your entities with one of these annotations: org.springframework.data.redis.core.RedisHash (preferred), or consider extending one of the following types with your repository: org.springframework.data.keyvalue.repository.KeyValueRepository.
Spring Data Redis - Could not safely identify store assignment for repository candidate interface com.imooc.repository.ProductInfoRepository. If you want this repository to be a Redis repository, consider annotating your entities with one of these annotations: org.springframework.data.redis.core.RedisHash (preferred), or consider extending one of the following types with your repository: org.springframework.data.keyvalue.repository.KeyValueRepository.
Spring Data Redis - Could not safely identify store assignment for repository candidate interface com.imooc.repository.SellerInfoRepository. If you want this repository to be a Redis repository, consider annotating your entities with one of these annotations: org.springframework.data.redis.core.RedisHash (preferred), or consider extending one of the following types with your repository: org.springframework.data.keyvalue.repository.KeyValueRepository.
Finished Spring Data repository scanning in 12ms. Found 0 Redis repository interfaces.
Tomcat initialized with port(s): 8080 (http)
Initializing ProtocolHandler ["http-nio-8080"]
Starting service [Tomcat]
Starting Servlet engine: [Apache Tomcat/9.0.36]
Initializing Spring embedded WebApplicationContext
Root WebApplicationContext: initialization completed in 2068 ms
Initializing ExecutorService 'applicationTaskExecutor'
HikariPool-1 - Starting...
HHH000204: Processing PersistenceUnitInfo [name: default]
HHH000412: Hibernate ORM core version 5.4.17.Final
HCANN000001: Hibernate Commons Annotations {5.1.0.Final}
HikariPool-1 - Starting...
spring.jpa.open-in-view is enabled by default. Therefore, database queries may be performed during view rendering. Explicitly configure spring.jpa.open-in-view to disable this warning
HHH000342: Could not obtain connection to query metadata : Communications link failure

The last packet sent successfully to the server was 0 milliseconds ago. The driver has not received any packets from the server.
Starting ProtocolHandler ["http-nio-8080"]
Tomcat started on port(s): 8080 (http) with context path '/sell'
Triggering deferred initialization of Spring Data repositories…
Exception encountered during context initialization - cancelling refresh attempt: org.springframework.beans.factory.BeanCreationException: Error creating bean with name 'orderDetailRepository' defined in com.imooc.repository.OrderDetailRepository defined in @EnableJpaRepositories declared on JpaRepositoriesRegistrar.EnableJpaRepositoriesConfiguration: Cannot resolve reference to bean 'jpaMappingContext' while setting bean property 'mappingContext'; nested exception is org.springframework.beans.factory.BeanCreationException: Error creating bean with name 'jpaMappingContext': Invocation of init method failed; nested exception is org.hibernate.service.spi.ServiceException: Unable to create requested service [org.hibernate.engine.jdbc.env.spi.JdbcEnvironment]
Closing JPA EntityManagerFactory for persistence unit 'default'
Invocation of destroy method failed on bean with name 'entityManagerFactory': org.hibernate.service.spi.ServiceException: Unable to create requested service [org.hibernate.engine.jdbc.env.spi.JdbcEnvironment]
Shutting down ExecutorService 'applicationTaskExecutor'
Pausing ProtocolHandler ["http-nio-8080"]
Stopping service [Tomcat]
Stopping ProtocolHandler ["http-nio-8080"]
Destroying ProtocolHandler ["http-nio-8080"]


Error starting ApplicationContext. To display the conditions report re-run your application with 'debug' enabled.
Starting SellApplication on DaviddeMac-mini.local with PID 1833 (/Volumes/work/学习/SpringBootCode/target/classes started by david in /Volumes/work/学习/SpringBootCode)
No active profile set, falling back to default profiles: default
Multiple Spring Data modules found, entering strict repository configuration mode!
Bootstrapping Spring Data JPA repositories in DEFERRED mode.
Finished Spring Data repository scanning in 79ms. Found 5 JPA repository interfaces.
Multiple Spring Data modules found, entering strict repository configuration mode!
Bootstrapping Spring Data Redis repositories in DEFAULT mode.
Spring Data Redis - Could not safely identify store assignment for repository candidate interface com.imooc.repository.OrderDetailRepository. If you want this repository to be a Redis repository, consider annotating your entities with one of these annotations: org.springframework.data.redis.core.RedisHash (preferred), or consider extending one of the following types with your repository: org.springframework.data.keyvalue.repository.KeyValueRepository.
Spring Data Redis - Could not safely identify store assignment for repository candidate interface com.imooc.repository.OrderMasterRepository. If you want this repository to be a Redis repository, consider annotating your entities with one of these annotations: org.springframework.data.redis.core.RedisHash (preferred), or consider extending one of the following types with your repository: org.springframework.data.keyvalue.repository.KeyValueRepository.
Spring Data Redis - Could not safely identify store assignment for repository candidate interface com.imooc.repository.ProductCategoryRepository. If you want this repository to be a Redis repository, consider annotating your entities with one of these annotations: org.springframework.data.redis.core.RedisHash (preferred), or consider extending one of the following types with your repository: org.springframework.data.keyvalue.repository.KeyValueRepository.
Spring Data Redis - Could not safely identify store assignment for repository candidate interface com.imooc.repository.ProductInfoRepository. If you want this repository to be a Redis repository, consider annotating your entities with one of these annotations: org.springframework.data.redis.core.RedisHash (preferred), or consider extending one of the following types with your repository: org.springframework.data.keyvalue.repository.KeyValueRepository.
Spring Data Redis - Could not safely identify store assignment for repository candidate interface com.imooc.repository.SellerInfoRepository. If you want this repository to be a Redis repository, consider annotating your entities with one of these annotations: org.springframework.data.redis.core.RedisHash (preferred), or consider extending one of the following types with your repository: org.springframework.data.keyvalue.repository.KeyValueRepository.
Finished Spring Data repository scanning in 13ms. Found 0 Redis repository interfaces.
Tomcat initialized with port(s): 8080 (http)
Initializing ProtocolHandler ["http-nio-8080"]
Starting service [Tomcat]
Starting Servlet engine: [Apache Tomcat/9.0.36]
Initializing Spring embedded WebApplicationContext
Root WebApplicationContext: initialization completed in 1349 ms
Initializing ExecutorService 'applicationTaskExecutor'
HikariPool-1 - Starting...
HikariPool-1 - Start completed.
HHH000204: Processing PersistenceUnitInfo [name: default]
HHH000412: Hibernate ORM core version 5.4.17.Final
HCANN000001: Hibernate Commons Annotations {5.1.0.Final}
HHH000400: Using dialect: org.hibernate.dialect.MySQL57Dialect
spring.jpa.open-in-view is enabled by default. Therefore, database queries may be performed during view rendering. Explicitly configure spring.jpa.open-in-view to disable this warning
HHH000490: Using JtaPlatform implementation: [org.hibernate.engine.transaction.jta.platform.internal.NoJtaPlatform]
Initialized JPA EntityManagerFactory for persistence unit 'default'
Starting ProtocolHandler ["http-nio-8080"]
Tomcat started on port(s): 8080 (http) with context path '/sell'
Triggering deferred initialization of Spring Data repositories…
Spring Data repositories initialized!
Started SellApplication in 4.072 seconds (JVM running for 4.755)
Initializing Spring DispatcherServlet 'dispatcherServlet'
Initializing Servlet 'dispatcherServlet'
Completed initialization in 9 ms
@skill request, productId:123456
@skill request, productId:123456
@skill request, productId:123456
@skill request, productId:123456
@skill request, productId:123456
@skill request, productId:123456
@skill request, productId:123456
@skill request, productId:123456
@skill request, productId:123456
@skill request, productId:123456
@skill request, productId:123456
@skill request, productId:123456
@skill request, productId:123456
@skill request, productId:123456
@skill request, productId:123456
@skill request, productId:123456
@skill request, productId:123456
@skill request, productId:123456
@skill request, productId:123456
@skill request, productId:123456
@skill request, productId:123456
@skill request, productId:123456
@skill request, productId:123456
@skill request, productId:123456
@skill request, productId:123456
@skill request, productId:123456
@skill request, productId:123456
@skill request, productId:123456
@skill request, productId:123456
@skill request, productId:123456
@skill request, productId:123456
@skill request, productId:123456
@skill request, productId:123456
@skill request, productId:123456
@skill request, productId:123456
@skill request, productId:123456
@skill request, productId:123456
@skill request, productId:123456
@skill request, productId:123456
@skill request, productId:123456
@skill request, productId:123456
@skill request, productId:123456
@skill request, productId:123456
@skill request, productId:123456
@skill request, productId:123456
@skill request, productId:123456
@skill request, productId:123456
@skill request, productId:123456
@skill request, productId:123456
@skill request, productId:123456
@skill request, productId:123456
@skill request, productId:123456
@skill request, productId:123456
@skill request, productId:123456
@skill request, productId:123456
@skill request, productId:123456
@skill request, productId:123456
@skill request, productId:123456
@skill request, productId:123456
@skill request, productId:123456
@skill request, productId:123456
@skill request, productId:123456
@skill request, productId:123456
@skill request, productId:123456
@skill request, productId:123456
@skill request, productId:123456
@skill request, productId:123456
@skill request, productId:123456
@skill request, productId:123456
@skill request, productId:123456
@skill request, productId:123456
@skill request, productId:123456
@skill request, productId:123456
@skill request, productId:123456
@skill request, productId:123456
@skill request, productId:123456
@skill request, productId:123456
@skill request, productId:123456
@skill request, productId:123456
@skill request, productId:123456
@skill request, productId:123456
@skill request, productId:123456
@skill request, productId:123456
@skill request, productId:123456
@skill request, productId:123456
@skill request, productId:123456
@skill request, productId:123456
@skill request, productId:123456
@skill request, productId:123456
@skill request, productId:123456
@skill request, productId:123456
@skill request, productId:123456
@skill request, productId:123456
@skill request, productId:123456
@skill request, productId:123456
@skill request, productId:123456
@skill request, productId:123456
@skill request, productId:123456
@skill request, productId:123456
@skill request, productId:123456
@skill request, productId:123456
@skill request, productId:123456
@skill request, productId:123456
@skill request, productId:123456
@skill request, productId:123456
@skill request, productId:123456
@skill request, productId:123456
@skill request, productId:123456
@skill request, productId:123456
@skill request, productId:123456
@skill request, productId:123456
@skill request, productId:123456
@skill request, productId:123456
@skill request, productId:123456
@skill request, productId:123456
@skill request, productId:123456
@skill request, productId:123456
@skill request, productId:123456
@skill request, productId:123456
@skill request, productId:123456
@skill request, productId:123456
@skill request, productId:123456
@skill request, productId:123456
@skill request, productId:123456
@skill request, productId:123456
@skill request, productId:123456
@skill request, productId:123456
@skill request, productId:123456
@skill request, productId:123456
@skill request, productId:123456
@skill request, productId:123456
@skill request, productId:123456
@skill request, productId:123456
@skill request, productId:123456
@skill request, productId:123456
@skill request, productId:123456
@skill request, productId:123456
@skill request, productId:123456
@skill request, productId:123456
@skill request, productId:123456
@skill request, productId:123456
@skill request, productId:123456
@skill request, productId:123456
@skill request, productId:123456
@skill request, productId:123456
@skill request, productId:123456
@skill request, productId:123456
@skill request, productId:123456
@skill request, productId:123456
@skill request, productId:123456
@skill request, productId:123456
@skill request, productId:123456
@skill request, productId:123456
@skill request, productId:123456
@skill request, productId:123456
@skill request, productId:123456
@skill request, productId:123456
@skill request, productId:123456
@skill request, productId:123456
@skill request, productId:123456
@skill request, productId:123456
@skill request, productId:123456
@skill request, productId:123456
@skill request, productId:123456
@skill request, productId:123456
@skill request, productId:123456
@skill request, productId:123456
@skill request, productId:123456
@skill request, productId:123456
@skill request, productId:123456
@skill request, productId:123456
@skill request, productId:123456
@skill request, productId:123456
@skill request, productId:123456
@skill request, productId:123456
@skill request, productId:123456
@skill request, productId:123456
@skill request, productId:123456
@skill request, productId:123456
@skill request, productId:123456
@skill request, productId:123456
@skill request, productId:123456
@skill request, productId:123456
@skill request, productId:123456
@skill request, productId:123456
@skill request, productId:123456
@skill request, productId:123456
@skill request, productId:123456
@skill request, productId:123456
@skill request, productId:123456
@skill request, productId:123456
@skill request, productId:123456
@skill request, productId:123456
@skill request, productId:123456
@skill request, productId:123456
@skill request, productId:123456
@skill request, productId:123456
@skill request, productId:123456
@skill request, productId:123456
@skill request, productId:123456
@skill request, productId:123456
@skill request, productId:123456
@skill request, productId:123456
@skill request, productId:123456
@skill request, productId:123456
@skill request, productId:123456
@skill request, productId:123456
@skill request, productId:123456
@skill request, productId:123456
@skill request, productId:123456
@skill request, productId:123456
@skill request, productId:123456
@skill request, productId:123456
@skill request, productId:123456
@skill request, productId:123456
@skill request, productId:123456
@skill request, productId:123456
@skill request, productId:123456
@skill request, productId:123456
@skill request, productId:123456
@skill request, productId:123456
@skill request, productId:123456
@skill request, productId:123456
@skill request, productId:123456
@skill request, productId:123456
@skill request, productId:123456
@skill request, productId:123456
@skill request, productId:123456
@skill request, productId:123456
@skill request, productId:123456
@skill request, productId:123456
@skill request, productId:123456
@skill request, productId:123456
@skill request, productId:123456
@skill request, productId:123456
@skill request, productId:123456
@skill request, productId:123456
@skill request, productId:123456
@skill request, productId:123456
@skill request, productId:123456
@skill request, productId:123456
@skill request, productId:123456
@skill request, productId:123456
@skill request, productId:123456
@skill request, productId:123456
@skill request, productId:123456
@skill request, productId:123456
@skill request, productId:123456
@skill request, productId:123456
@skill request, productId:123456
@skill request, productId:123456
@skill request, productId:123456
@skill request, productId:123456
@skill request, productId:123456
@skill request, productId:123456
@skill request, productId:123456
@skill request, productId:123456
@skill request, productId:123456
@skill request, productId:123456
@skill request, productId:123456
@skill request, productId:123456
@skill request, productId:123456
@skill request, productId:123456
@skill request, productId:123456
@skill request, productId:123456
@skill request, productId:123456
@skill request, productId:123456
@skill request, productId:123456
@skill request, productId:123456
@skill request, productId:123456
@skill request, productId:123456
@skill request, productId:123456
@skill request, productId:123456
@skill request, productId:123456
@skill request, productId:123456
@skill request, productId:123456
@skill request, productId:123456
@skill request, productId:123456
@skill request, productId:123456
@skill request, productId:123456
@skill request, productId:123456
@skill request, productId:123456
@skill request, productId:123456
@skill request, productId:123456
@skill request, productId:123456
@skill request, productId:123456
@skill request, productId:123456
@skill request, productId:123456
@skill request, productId:123456
@skill request, productId:123456
@skill request, productId:123456
@skill request, productId:123456
@skill request, productId:123456
@skill request, productId:123456
@skill request, productId:123456
@skill request, productId:123456
@skill request, productId:123456
@skill request, productId:123456
@skill request, productId:123456
@skill request, productId:123456
@skill request, productId:123456
@skill request, productId:123456
@skill request, productId:123456
@skill request, productId:123456
@skill request, productId:123456
@skill request, productId:123456
@skill request, productId:123456
@skill request, productId:123456
@skill request, productId:123456
@skill request, productId:123456
@skill request, productId:123456
@skill request, productId:123456
@skill request, productId:123456
@skill request, productId:123456
@skill request, productId:123456
@skill request, productId:123456
@skill request, productId:123456
@skill request, productId:123456
@skill request, productId:123456
@skill request, productId:123456
@skill request, productId:123456
@skill request, productId:123456
@skill request, productId:123456
@skill request, productId:123456
@skill request, productId:123456
@skill request, productId:123456
@skill request, productId:123456
@skill request, productId:123456
@skill request, productId:123456
@skill request, productId:123456
@skill request, productId:123456
@skill request, productId:123456
@skill request, productId:123456
@skill request, productId:123456
@skill request, productId:123456
@skill request, productId:123456
@skill request, productId:123456
@skill request, productId:123456
@skill request, productId:123456
@skill request, productId:123456
@skill request, productId:123456
@skill request, productId:123456
@skill request, productId:123456
@skill request, productId:123456
@skill request, productId:123456
@skill request, productId:123456
@skill request, productId:123456
@skill request, productId:123456
@skill request, productId:123456
@skill request, productId:123456
@skill request, productId:123456
@skill request, productId:123456
@skill request, productId:123456
@skill request, productId:123456
@skill request, productId:123456
@skill request, productId:123456
@skill request, productId:123456
@skill request, productId:123456
@skill request, productId:123456
@skill request, productId:123456
@skill request, productId:123456
@skill request, productId:123456
@skill request, productId:123456
@skill request, productId:123456
@skill request, productId:123456
@skill request, productId:123456
@skill request, productId:123456
@skill request, productId:123456
@skill request, productId:123456
@skill request, productId:123456
@skill request, productId:123456
@skill request, productId:123456
@skill request, productId:123456
@skill request, productId:123456
@skill request, productId:123456
@skill request, productId:123456
@skill request, productId:123456
@skill request, productId:123456
@skill request, productId:123456
@skill request, productId:123456
@skill request, productId:123456
@skill request, productId:123456
@skill request, productId:123456
@skill request, productId:123456
@skill request, productId:123456
@skill request, productId:123456
@skill request, productId:123456
@skill request, productId:123456
@skill request, productId:123456
@skill request, productId:123456
@skill request, productId:123456
@skill request, productId:123456
@skill request, productId:123456
@skill request, productId:123456
@skill request, productId:123456
@skill request, productId:123456
@skill request, productId:123456
@skill request, productId:123456
@skill request, productId:123456
@skill request, productId:123456
@skill request, productId:123456
@skill request, productId:123456
@skill request, productId:123456
@skill request, productId:123456
@skill request, productId:123456
@skill request, productId:123456
@skill request, productId:123456
@skill request, productId:123456
@skill request, productId:123456
@skill request, productId:123456
@skill request, productId:123456
@skill request, productId:123456
@skill request, productId:123456
@skill request, productId:123456
@skill request, productId:123456
@skill request, productId:123456
@skill request, productId:123456
@skill request, productId:123456
@skill request, productId:123456
@skill request, productId:123456
@skill request, productId:123456
@skill request, productId:123456
@skill request, productId:123456
@skill request, productId:123456
@skill request, productId:123456
@skill request, productId:123456
@skill request, productId:123456
@skill request, productId:123456
@skill request, productId:123456
@skill request, productId:123456
@skill request, productId:123456
@skill request, productId:123456
@skill request, productId:123456
@skill request, productId:123456
@skill request, productId:123456
@skill request, productId:123456
@skill request, productId:123456
@skill request, productId:123456
@skill request, productId:123456
@skill request, productId:123456
@skill request, productId:123456
@skill request, productId:123456
@skill request, productId:123456
@skill request, productId:123456
@skill request, productId:123456
@skill request, productId:123456
@skill request, productId:123456
@skill request, productId:123456
@skill request, productId:123456
@skill request, productId:123456
@skill request, productId:123456
@skill request, productId:123456
@skill request, productId:123456
@skill request, productId:123456
@skill request, productId:123456
@skill request, productId:123456
@skill request, productId:123456
@skill request, productId:123456
@skill request, productId:123456
@skill request, productId:123456
@skill request, productId:123456
@skill request, productId:123456
@skill request, productId:123456
@skill request, productId:123456
@skill request, productId:123456
@skill request, productId:123456
@skill request, productId:123456
@skill request, productId:123456
@skill request, productId:123456
@skill request, productId:123456
@skill request, productId:123456
@skill request, productId:123456
@skill request, productId:123456
@skill request, productId:123456
@skill request, productId:123456
@skill request, productId:123456
@skill request, productId:123456
@skill request, productId:123456
@skill request, productId:123456
@skill request, productId:123456
@skill request, productId:123456
@skill request, productId:123456
@skill request, productId:123456
@skill request, productId:123456
@skill request, productId:123456
@skill request, productId:123456
@skill request, productId:123456
@skill request, productId:123456
@skill request, productId:123456
@skill request, productId:123456
@skill request, productId:123456
@skill request, productId:123456
@skill request, productId:123456
@skill request, productId:123456
@skill request, productId:123456
@skill request, productId:123456
@skill request, productId:123456
@skill request, productId:123456
@skill request, productId:123456
@skill request, productId:123456
@skill request, productId:123456
@skill request, productId:123456
@skill request, productId:123456
@skill request, productId:123456
@skill request, productId:123456
@skill request, productId:123456
@skill request, productId:123456
@skill request, productId:123456
@skill request, productId:123456
@skill request, productId:123456
@skill request, productId:123456
@skill request, productId:123456
@skill request, productId:123456
@skill request, productId:123456
@skill request, productId:123456
@skill request, productId:123456
@skill request, productId:123456
@skill request, productId:123456
@skill request, productId:123456
@skill request, productId:123456
@skill request, productId:123456
@skill request, productId:123456
@skill request, productId:123456
@skill request, productId:123456
@skill request, productId:123456
@skill request, productId:123456
@skill request, productId:123456
@skill request, productId:123456
@skill request, productId:123456
@skill request, productId:123456
@skill request, productId:123456
@skill request, productId:123456
@skill request, productId:123456
@skill request, productId:123456
@skill request, productId:123456
@skill request, productId:123456
@skill request, productId:123456
@skill request, productId:123456
@skill request, productId:123456
@skill request, productId:123456
@skill request, productId:123456
@skill request, productId:123456
@skill request, productId:123456
@skill request, productId:123456
@skill request, productId:123456
@skill request, productId:123456
@skill request, productId:123456
@skill request, productId:123456
@skill request, productId:123456
@skill request, productId:123456
@skill request, productId:123456
@skill request, productId:123456
@skill request, productId:123456
@skill request, productId:123456
@skill request, productId:123456
@skill request, productId:123456
@skill request, productId:123456
@skill request, productId:123456
@skill request, productId:123456
@skill request, productId:123456
@skill request, productId:123456
@skill request, productId:123456
@skill request, productId:123456
@skill request, productId:123456
@skill request, productId:123456
@skill request, productId:123456
@skill request, productId:123456
@skill request, productId:123456
@skill request, productId:123456
@skill request, productId:123456
@skill request, productId:123456
@skill request, productId:123456
@skill request, productId:123456
@skill request, productId:123456
@skill request, productId:123456
@skill request, productId:123456
@skill request, productId:123456
@skill request, productId:123456
@skill request, productId:123456
@skill request, productId:123456
@skill request, productId:123456
@skill request, productId:123456
@skill request, productId:123456
@skill request, productId:123456
@skill request, productId:123456
@skill request, productId:123456
@skill request, productId:123456
@skill request, productId:123456
@skill request, productId:123456
@skill request, productId:123456
@skill request, productId:123456
@skill request, productId:123456
@skill request, productId:123456
@skill request, productId:123456
@skill request, productId:123456
@skill request, productId:123456
@skill request, productId:123456
@skill request, productId:123456
@skill request, productId:123456
@skill request, productId:123456
@skill request, productId:123456
@skill request, productId:123456
@skill request, productId:123456
@skill request, productId:123456
@skill request, productId:123456
@skill request, productId:123456
@skill request, productId:123456
@skill request, productId:123456
@skill request, productId:123456
@skill request, productId:123456
@skill request, productId:123456
@skill request, productId:123456
@skill request, productId:123456
@skill request, productId:123456
@skill request, productId:123456
@skill request, productId:123456
@skill request, productId:123456
@skill request, productId:123456
@skill request, productId:123456
@skill request, productId:123456
@skill request, productId:123456
@skill request, productId:123456
@skill request, productId:123456
@skill request, productId:123456
@skill request, productId:123456
@skill request, productId:123456
@skill request, productId:123456
@skill request, productId:123456
@skill request, productId:123456
@skill request, productId:123456
@skill request, productId:123456
@skill request, productId:123456
@skill request, productId:123456
@skill request, productId:123456
@skill request, productId:123456
@skill request, productId:123456
@skill request, productId:123456
@skill request, productId:123456
@skill request, productId:123456
@skill request, productId:123456
@skill request, productId:123456
@skill request, productId:123456
@skill request, productId:123456
@skill request, productId:123456
@skill request, productId:123456
@skill request, productId:123456
@skill request, productId:123456
@skill request, productId:123456
@skill request, productId:123456
@skill request, productId:123456
@skill request, productId:123456
@skill request, productId:123456
@skill request, productId:123456
@skill request, productId:123456
@skill request, productId:123456
@skill request, productId:123456
@skill request, productId:123456
@skill request, productId:123456
@skill request, productId:123456
@skill request, productId:123456
@skill request, productId:123456
@skill request, productId:123456
@skill request, productId:123456
@skill request, productId:123456
@skill request, productId:123456
@skill request, productId:123456
@skill request, productId:123456
@skill request, productId:123456
@skill request, productId:123456
@skill request, productId:123456
@skill request, productId:123456
@skill request, productId:123456
@skill request, productId:123456
@skill request, productId:123456
@skill request, productId:123456
@skill request, productId:123456
@skill request, productId:123456
@skill request, productId:123456
@skill request, productId:123456
@skill request, productId:123456
@skill request, productId:123456
@skill request, productId:123456
@skill request, productId:123456
@skill request, productId:123456
@skill request, productId:123456
@skill request, productId:123456
@skill request, productId:123456
@skill request, productId:123456
@skill request, productId:123456
@skill request, productId:123456
@skill request, productId:123456
@skill request, productId:123456
@skill request, productId:123456
@skill request, productId:123456
@skill request, productId:123456
@skill request, productId:123456
@skill request, productId:123456
@skill request, productId:123456
@skill request, productId:123456
@skill request, productId:123456
@skill request, productId:123456
@skill request, productId:123456
@skill request, productId:123456
@skill request, productId:123456
Closing JPA EntityManagerFactory for persistence unit 'default'
Shutting down ExecutorService 'applicationTaskExecutor'
HikariPool-1 - Shutdown initiated...
HikariPool-1 - Shutdown completed.
Starting SellApplication on DaviddeMac-mini.local with PID 1915 (/Volumes/work/学习/SpringBootCode/target/classes started by david in /Volumes/work/学习/SpringBootCode)
No active profile set, falling back to default profiles: default
Multiple Spring Data modules found, entering strict repository configuration mode!
Bootstrapping Spring Data JPA repositories in DEFERRED mode.
Finished Spring Data repository scanning in 96ms. Found 5 JPA repository interfaces.
Multiple Spring Data modules found, entering strict repository configuration mode!
Bootstrapping Spring Data Redis repositories in DEFAULT mode.
Spring Data Redis - Could not safely identify store assignment for repository candidate interface com.imooc.repository.OrderDetailRepository. If you want this repository to be a Redis repository, consider annotating your entities with one of these annotations: org.springframework.data.redis.core.RedisHash (preferred), or consider extending one of the following types with your repository: org.springframework.data.keyvalue.repository.KeyValueRepository.
Spring Data Redis - Could not safely identify store assignment for repository candidate interface com.imooc.repository.OrderMasterRepository. If you want this repository to be a Redis repository, consider annotating your entities with one of these annotations: org.springframework.data.redis.core.RedisHash (preferred), or consider extending one of the following types with your repository: org.springframework.data.keyvalue.repository.KeyValueRepository.
Spring Data Redis - Could not safely identify store assignment for repository candidate interface com.imooc.repository.ProductCategoryRepository. If you want this repository to be a Redis repository, consider annotating your entities with one of these annotations: org.springframework.data.redis.core.RedisHash (preferred), or consider extending one of the following types with your repository: org.springframework.data.keyvalue.repository.KeyValueRepository.
Spring Data Redis - Could not safely identify store assignment for repository candidate interface com.imooc.repository.ProductInfoRepository. If you want this repository to be a Redis repository, consider annotating your entities with one of these annotations: org.springframework.data.redis.core.RedisHash (preferred), or consider extending one of the following types with your repository: org.springframework.data.keyvalue.repository.KeyValueRepository.
Spring Data Redis - Could not safely identify store assignment for repository candidate interface com.imooc.repository.SellerInfoRepository. If you want this repository to be a Redis repository, consider annotating your entities with one of these annotations: org.springframework.data.redis.core.RedisHash (preferred), or consider extending one of the following types with your repository: org.springframework.data.keyvalue.repository.KeyValueRepository.
Finished Spring Data repository scanning in 12ms. Found 0 Redis repository interfaces.
Tomcat initialized with port(s): 8080 (http)
Initializing ProtocolHandler ["http-nio-8080"]
Starting service [Tomcat]
Starting Servlet engine: [Apache Tomcat/9.0.36]
Initializing Spring embedded WebApplicationContext
Root WebApplicationContext: initialization completed in 1355 ms
Initializing ExecutorService 'applicationTaskExecutor'
HikariPool-1 - Starting...
HikariPool-1 - Start completed.
HHH000204: Processing PersistenceUnitInfo [name: default]
HHH000412: Hibernate ORM core version 5.4.17.Final
HCANN000001: Hibernate Commons Annotations {5.1.0.Final}
HHH000400: Using dialect: org.hibernate.dialect.MySQL57Dialect
spring.jpa.open-in-view is enabled by default. Therefore, database queries may be performed during view rendering. Explicitly configure spring.jpa.open-in-view to disable this warning
HHH000490: Using JtaPlatform implementation: [org.hibernate.engine.transaction.jta.platform.internal.NoJtaPlatform]
Initialized JPA EntityManagerFactory for persistence unit 'default'
Starting ProtocolHandler ["http-nio-8080"]
Tomcat started on port(s): 8080 (http) with context path '/sell'
Triggering deferred initialization of Spring Data repositories…
Spring Data repositories initialized!
Started SellApplication in 3.85 seconds (JVM running for 4.494)
Initializing Spring DispatcherServlet 'dispatcherServlet'
Initializing Servlet 'dispatcherServlet'
Completed initialization in 5 ms
@skill request, productId:123456
@skill request, productId:123456
@skill request, productId:123456
@skill request, productId:123456
@skill request, productId:123456
@skill request, productId:123456
@skill request, productId:123456
@skill request, productId:123456
@skill request, productId:123456
@skill request, productId:123456
@skill request, productId:123456
@skill request, productId:123456
@skill request, productId:123456
@skill request, productId:123456
@skill request, productId:123456
@skill request, productId:123456
@skill request, productId:123456
@skill request, productId:123456
@skill request, productId:123456
@skill request, productId:123456
@skill request, productId:123456
@skill request, productId:123456
@skill request, productId:123456
@skill request, productId:123456
@skill request, productId:123456
@skill request, productId:123456
@skill request, productId:123456
@skill request, productId:123456
@skill request, productId:123456
@skill request, productId:123456
@skill request, productId:123456
@skill request, productId:123456
@skill request, productId:123456
@skill request, productId:123456
@skill request, productId:123456
@skill request, productId:123456
@skill request, productId:123456
@skill request, productId:123456
@skill request, productId:123456
@skill request, productId:123456
@skill request, productId:123456
@skill request, productId:123456
@skill request, productId:123456
@skill request, productId:123456
@skill request, productId:123456
@skill request, productId:123456
@skill request, productId:123456
@skill request, productId:123456
@skill request, productId:123456
@skill request, productId:123456
@skill request, productId:123456
@skill request, productId:123456
@skill request, productId:123456
@skill request, productId:123456
@skill request, productId:123456
@skill request, productId:123456
@skill request, productId:123456
@skill request, productId:123456
@skill request, productId:123456
@skill request, productId:123456
@skill request, productId:123456
@skill request, productId:123456
@skill request, productId:123456
@skill request, productId:123456
@skill request, productId:123456
@skill request, productId:123456
@skill request, productId:123456
@skill request, productId:123456
@skill request, productId:123456
@skill request, productId:123456
@skill request, productId:123456
@skill request, productId:123456
@skill request, productId:123456
@skill request, productId:123456
@skill request, productId:123456
@skill request, productId:123456
@skill request, productId:123456
@skill request, productId:123456
@skill request, productId:123456
@skill request, productId:123456
@skill request, productId:123456
@skill request, productId:123456
@skill request, productId:123456
@skill request, productId:123456
@skill request, productId:123456
@skill request, productId:123456
@skill request, productId:123456
@skill request, productId:123456
@skill request, productId:123456
@skill request, productId:123456
@skill request, productId:123456
@skill request, productId:123456
@skill request, productId:123456
@skill request, productId:123456
@skill request, productId:123456
@skill request, productId:123456
@skill request, productId:123456
@skill request, productId:123456
@skill request, productId:123456
@skill request, productId:123456
@skill request, productId:123456
@skill request, productId:123456
@skill request, productId:123456
@skill request, productId:123456
@skill request, productId:123456
@skill request, productId:123456
@skill request, productId:123456
@skill request, productId:123456
@skill request, productId:123456
@skill request, productId:123456
@skill request, productId:123456
@skill request, productId:123456
@skill request, productId:123456
@skill request, productId:123456
@skill request, productId:123456
@skill request, productId:123456
@skill request, productId:123456
@skill request, productId:123456
@skill request, productId:123456
@skill request, productId:123456
@skill request, productId:123456
@skill request, productId:123456
@skill request, productId:123456
@skill request, productId:123456
@skill request, productId:123456
@skill request, productId:123456
@skill request, productId:123456
@skill request, productId:123456
@skill request, productId:123456
@skill request, productId:123456
@skill request, productId:123456
@skill request, productId:123456
@skill request, productId:123456
@skill request, productId:123456
@skill request, productId:123456
@skill request, productId:123456
@skill request, productId:123456
@skill request, productId:123456
@skill request, productId:123456
@skill request, productId:123456
@skill request, productId:123456
@skill request, productId:123456
@skill request, productId:123456
@skill request, productId:123456
@skill request, productId:123456
@skill request, productId:123456
@skill request, productId:123456
@skill request, productId:123456
@skill request, productId:123456
@skill request, productId:123456
@skill request, productId:123456
@skill request, productId:123456
@skill request, productId:123456
@skill request, productId:123456
@skill request, productId:123456
@skill request, productId:123456
@skill request, productId:123456
@skill request, productId:123456
@skill request, productId:123456
@skill request, productId:123456
@skill request, productId:123456
@skill request, productId:123456
@skill request, productId:123456
@skill request, productId:123456
@skill request, productId:123456
@skill request, productId:123456
@skill request, productId:123456
@skill request, productId:123456
@skill request, productId:123456
@skill request, productId:123456
@skill request, productId:123456
@skill request, productId:123456
@skill request, productId:123456
@skill request, productId:123456
@skill request, productId:123456
@skill request, productId:123456
@skill request, productId:123456
@skill request, productId:123456
@skill request, productId:123456
@skill request, productId:123456
@skill request, productId:123456
@skill request, productId:123456
@skill request, productId:123456
@skill request, productId:123456
@skill request, productId:123456
@skill request, productId:123456
@skill request, productId:123456
@skill request, productId:123456
@skill request, productId:123456
@skill request, productId:123456
@skill request, productId:123456
@skill request, productId:123456
@skill request, productId:123456
@skill request, productId:123456
@skill request, productId:123456
@skill request, productId:123456
@skill request, productId:123456
@skill request, productId:123456
@skill request, productId:123456
@skill request, productId:123456
@skill request, productId:123456
@skill request, productId:123456
@skill request, productId:123456
@skill request, productId:123456
@skill request, productId:123456
@skill request, productId:123456
@skill request, productId:123456
@skill request, productId:123456
@skill request, productId:123456
@skill request, productId:123456
@skill request, productId:123456
@skill request, productId:123456
@skill request, productId:123456
@skill request, productId:123456
@skill request, productId:123456
@skill request, productId:123456
@skill request, productId:123456
@skill request, productId:123456
@skill request, productId:123456
@skill request, productId:123456
@skill request, productId:123456
@skill request, productId:123456
@skill request, productId:123456
@skill request, productId:123456
@skill request, productId:123456
@skill request, productId:123456
@skill request, productId:123456
@skill request, productId:123456
@skill request, productId:123456
@skill request, productId:123456
@skill request, productId:123456
@skill request, productId:123456
@skill request, productId:123456
@skill request, productId:123456
@skill request, productId:123456
@skill request, productId:123456
@skill request, productId:123456
@skill request, productId:123456
@skill request, productId:123456
@skill request, productId:123456
@skill request, productId:123456
@skill request, productId:123456
@skill request, productId:123456
@skill request, productId:123456
@skill request, productId:123456
@skill request, productId:123456
@skill request, productId:123456
@skill request, productId:123456
@skill request, productId:123456
@skill request, productId:123456
@skill request, productId:123456
@skill request, productId:123456
@skill request, productId:123456
@skill request, productId:123456
@skill request, productId:123456
@skill request, productId:123456
@skill request, productId:123456
@skill request, productId:123456
@skill request, productId:123456
@skill request, productId:123456
@skill request, productId:123456
@skill request, productId:123456
@skill request, productId:123456
@skill request, productId:123456
@skill request, productId:123456
@skill request, productId:123456
@skill request, productId:123456
@skill request, productId:123456
@skill request, productId:123456
@skill request, productId:123456
@skill request, productId:123456
@skill request, productId:123456
@skill request, productId:123456
@skill request, productId:123456
@skill request, productId:123456
@skill request, productId:123456
@skill request, productId:123456
@skill request, productId:123456
@skill request, productId:123456
@skill request, productId:123456
@skill request, productId:123456
@skill request, productId:123456
@skill request, productId:123456
@skill request, productId:123456
@skill request, productId:123456
@skill request, productId:123456
@skill request, productId:123456
@skill request, productId:123456
@skill request, productId:123456
@skill request, productId:123456
@skill request, productId:123456
@skill request, productId:123456
@skill request, productId:123456
@skill request, productId:123456
@skill request, productId:123456
@skill request, productId:123456
@skill request, productId:123456
@skill request, productId:123456
@skill request, productId:123456
@skill request, productId:123456
@skill request, productId:123456
@skill request, productId:123456
@skill request, productId:123456
@skill request, productId:123456
@skill request, productId:123456
@skill request, productId:123456
@skill request, productId:123456
@skill request, productId:123456
@skill request, productId:123456
@skill request, productId:123456
@skill request, productId:123456
@skill request, productId:123456
@skill request, productId:123456
@skill request, productId:123456
@skill request, productId:123456
@skill request, productId:123456
@skill request, productId:123456
@skill request, productId:123456
@skill request, productId:123456
@skill request, productId:123456
@skill request, productId:123456
@skill request, productId:123456
@skill request, productId:123456
@skill request, productId:123456
@skill request, productId:123456
@skill request, productId:123456
@skill request, productId:123456
@skill request, productId:123456
@skill request, productId:123456
@skill request, productId:123456
@skill request, productId:123456
@skill request, productId:123456
@skill request, productId:123456
@skill request, productId:123456
@skill request, productId:123456
@skill request, productId:123456
@skill request, productId:123456
@skill request, productId:123456
@skill request, productId:123456
@skill request, productId:123456
@skill request, productId:123456
@skill request, productId:123456
@skill request, productId:123456
@skill request, productId:123456
@skill request, productId:123456
@skill request, productId:123456
@skill request, productId:123456
@skill request, productId:123456
@skill request, productId:123456
@skill request, productId:123456
@skill request, productId:123456
@skill request, productId:123456
@skill request, productId:123456
@skill request, productId:123456
@skill request, productId:123456
@skill request, productId:123456
@skill request, productId:123456
@skill request, productId:123456
@skill request, productId:123456
@skill request, productId:123456
@skill request, productId:123456
@skill request, productId:123456
@skill request, productId:123456
@skill request, productId:123456
@skill request, productId:123456
@skill request, productId:123456
@skill request, productId:123456
@skill request, productId:123456
@skill request, productId:123456
@skill request, productId:123456
@skill request, productId:123456
@skill request, productId:123456
@skill request, productId:123456
@skill request, productId:123456
@skill request, productId:123456
@skill request, productId:123456
@skill request, productId:123456
@skill request, productId:123456
@skill request, productId:123456
@skill request, productId:123456
@skill request, productId:123456
@skill request, productId:123456
@skill request, productId:123456
@skill request, productId:123456
@skill request, productId:123456
@skill request, productId:123456
@skill request, productId:123456
@skill request, productId:123456
@skill request, productId:123456
@skill request, productId:123456
@skill request, productId:123456
@skill request, productId:123456
@skill request, productId:123456
@skill request, productId:123456
@skill request, productId:123456
@skill request, productId:123456
@skill request, productId:123456
@skill request, productId:123456
@skill request, productId:123456
@skill request, productId:123456
@skill request, productId:123456
@skill request, productId:123456
@skill request, productId:123456
@skill request, productId:123456
@skill request, productId:123456
@skill request, productId:123456
@skill request, productId:123456
@skill request, productId:123456
@skill request, productId:123456
@skill request, productId:123456
@skill request, productId:123456
@skill request, productId:123456
@skill request, productId:123456
@skill request, productId:123456
@skill request, productId:123456
@skill request, productId:123456
@skill request, productId:123456
@skill request, productId:123456
@skill request, productId:123456
@skill request, productId:123456
@skill request, productId:123456
@skill request, productId:123456
@skill request, productId:123456
@skill request, productId:123456
@skill request, productId:123456
@skill request, productId:123456
@skill request, productId:123456
@skill request, productId:123456
@skill request, productId:123456
@skill request, productId:123456
@skill request, productId:123456
@skill request, productId:123456
@skill request, productId:123456
@skill request, productId:123456
@skill request, productId:123456
@skill request, productId:123456
@skill request, productId:123456
@skill request, productId:123456
@skill request, productId:123456
@skill request, productId:123456
@skill request, productId:123456
@skill request, productId:123456
@skill request, productId:123456
@skill request, productId:123456
@skill request, productId:123456
@skill request, productId:123456
@skill request, productId:123456
@skill request, productId:123456
@skill request, productId:123456
@skill request, productId:123456
@skill request, productId:123456
@skill request, productId:123456
@skill request, productId:123456
@skill request, productId:123456
@skill request, productId:123456
@skill request, productId:123456
@skill request, productId:123456
@skill request, productId:123456
@skill request, productId:123456
@skill request, productId:123456
@skill request, productId:123456
@skill request, productId:123456
@skill request, productId:123456
@skill request, productId:123456
@skill request, productId:123456
@skill request, productId:123456
@skill request, productId:123456
@skill request, productId:123456
@skill request, productId:123456
@skill request, productId:123456
@skill request, productId:123456
@skill request, productId:123456
@skill request, productId:123456
@skill request, productId:123456
@skill request, productId:123456
@skill request, productId:123456
@skill request, productId:123456
@skill request, productId:123456
@skill request, productId:123456
@skill request, productId:123456
@skill request, productId:123456
@skill request, productId:123456
@skill request, productId:123456
@skill request, productId:123456
@skill request, productId:123456
@skill request, productId:123456
@skill request, productId:123456
@skill request, productId:123456
@skill request, productId:123456
@skill request, productId:123456
@skill request, productId:123456
@skill request, productId:123456
@skill request, productId:123456
@skill request, productId:123456
@skill request, productId:123456
@skill request, productId:123456
@skill request, productId:123456
@skill request, productId:123456
@skill request, productId:123456
@skill request, productId:123456
Closing JPA EntityManagerFactory for persistence unit 'default'
Shutting down ExecutorService 'applicationTaskExecutor'
HikariPool-1 - Shutdown initiated...
HikariPool-1 - Shutdown completed.
Starting SellApplication on DaviddeMac-mini.local with PID 2230 (/Volumes/work/学习/SpringBootCode/target/classes started by david in /Volumes/work/学习/SpringBootCode)
No active profile set, falling back to default profiles: default
Multiple Spring Data modules found, entering strict repository configuration mode!
Bootstrapping Spring Data JPA repositories in DEFERRED mode.
Finished Spring Data repository scanning in 73ms. Found 5 JPA repository interfaces.
Multiple Spring Data modules found, entering strict repository configuration mode!
Bootstrapping Spring Data Redis repositories in DEFAULT mode.
Spring Data Redis - Could not safely identify store assignment for repository candidate interface com.imooc.repository.OrderDetailRepository. If you want this repository to be a Redis repository, consider annotating your entities with one of these annotations: org.springframework.data.redis.core.RedisHash (preferred), or consider extending one of the following types with your repository: org.springframework.data.keyvalue.repository.KeyValueRepository.
Spring Data Redis - Could not safely identify store assignment for repository candidate interface com.imooc.repository.OrderMasterRepository. If you want this repository to be a Redis repository, consider annotating your entities with one of these annotations: org.springframework.data.redis.core.RedisHash (preferred), or consider extending one of the following types with your repository: org.springframework.data.keyvalue.repository.KeyValueRepository.
Spring Data Redis - Could not safely identify store assignment for repository candidate interface com.imooc.repository.ProductCategoryRepository. If you want this repository to be a Redis repository, consider annotating your entities with one of these annotations: org.springframework.data.redis.core.RedisHash (preferred), or consider extending one of the following types with your repository: org.springframework.data.keyvalue.repository.KeyValueRepository.
Spring Data Redis - Could not safely identify store assignment for repository candidate interface com.imooc.repository.ProductInfoRepository. If you want this repository to be a Redis repository, consider annotating your entities with one of these annotations: org.springframework.data.redis.core.RedisHash (preferred), or consider extending one of the following types with your repository: org.springframework.data.keyvalue.repository.KeyValueRepository.
Spring Data Redis - Could not safely identify store assignment for repository candidate interface com.imooc.repository.SellerInfoRepository. If you want this repository to be a Redis repository, consider annotating your entities with one of these annotations: org.springframework.data.redis.core.RedisHash (preferred), or consider extending one of the following types with your repository: org.springframework.data.keyvalue.repository.KeyValueRepository.
Finished Spring Data repository scanning in 14ms. Found 0 Redis repository interfaces.
Tomcat initialized with port(s): 8080 (http)
Initializing ProtocolHandler ["http-nio-8080"]
Starting service [Tomcat]
Starting Servlet engine: [Apache Tomcat/9.0.36]
Initializing Spring embedded WebApplicationContext
Root WebApplicationContext: initialization completed in 1365 ms
Initializing ExecutorService 'applicationTaskExecutor'
HikariPool-1 - Starting...
HikariPool-1 - Start completed.
HHH000204: Processing PersistenceUnitInfo [name: default]
HHH000412: Hibernate ORM core version 5.4.17.Final
HCANN000001: Hibernate Commons Annotations {5.1.0.Final}
HHH000400: Using dialect: org.hibernate.dialect.MySQL57Dialect
spring.jpa.open-in-view is enabled by default. Therefore, database queries may be performed during view rendering. Explicitly configure spring.jpa.open-in-view to disable this warning
HHH000490: Using JtaPlatform implementation: [org.hibernate.engine.transaction.jta.platform.internal.NoJtaPlatform]
Initialized JPA EntityManagerFactory for persistence unit 'default'
Starting ProtocolHandler ["http-nio-8080"]
Tomcat started on port(s): 8080 (http) with context path '/sell'
Triggering deferred initialization of Spring Data repositories…
Spring Data repositories initialized!
Started SellApplication in 3.679 seconds (JVM running for 4.372)
Initializing Spring DispatcherServlet 'dispatcherServlet'
Initializing Servlet 'dispatcherServlet'
Completed initialization in 5 ms
@skill request, productId:123456
@skill request, productId:123456
@skill request, productId:123456
@skill request, productId:123456
@skill request, productId:123456
@skill request, productId:123456
@skill request, productId:123456
@skill request, productId:123456
@skill request, productId:123456
@skill request, productId:123456
@skill request, productId:123456
@skill request, productId:123456
@skill request, productId:123456
@skill request, productId:123456
@skill request, productId:123456
@skill request, productId:123456
@skill request, productId:123456
@skill request, productId:123456
@skill request, productId:123456
@skill request, productId:123456
@skill request, productId:123456
@skill request, productId:123456
@skill request, productId:123456
@skill request, productId:123456
@skill request, productId:123456
@skill request, productId:123456
@skill request, productId:123456
@skill request, productId:123456
@skill request, productId:123456
@skill request, productId:123456
@skill request, productId:123456
@skill request, productId:123456
@skill request, productId:123456
@skill request, productId:123456
@skill request, productId:123456
@skill request, productId:123456
@skill request, productId:123456
@skill request, productId:123456
@skill request, productId:123456
@skill request, productId:123456
@skill request, productId:123456
@skill request, productId:123456
@skill request, productId:123456
@skill request, productId:123456
@skill request, productId:123456
@skill request, productId:123456
@skill request, productId:123456
@skill request, productId:123456
@skill request, productId:123456
@skill request, productId:123456
@skill request, productId:123456
@skill request, productId:123456
@skill request, productId:123456
@skill request, productId:123456
@skill request, productId:123456
@skill request, productId:123456
@skill request, productId:123456
@skill request, productId:123456
@skill request, productId:123456
@skill request, productId:123456
@skill request, productId:123456
@skill request, productId:123456
@skill request, productId:123456
@skill request, productId:123456
@skill request, productId:123456
@skill request, productId:123456
@skill request, productId:123456
@skill request, productId:123456
@skill request, productId:123456
@skill request, productId:123456
@skill request, productId:123456
@skill request, productId:123456
@skill request, productId:123456
@skill request, productId:123456
@skill request, productId:123456
@skill request, productId:123456
@skill request, productId:123456
@skill request, productId:123456
@skill request, productId:123456
@skill request, productId:123456
@skill request, productId:123456
@skill request, productId:123456
@skill request, productId:123456
@skill request, productId:123456
@skill request, productId:123456
@skill request, productId:123456
@skill request, productId:123456
@skill request, productId:123456
@skill request, productId:123456
@skill request, productId:123456
@skill request, productId:123456
@skill request, productId:123456
@skill request, productId:123456
@skill request, productId:123456
@skill request, productId:123456
@skill request, productId:123456
@skill request, productId:123456
@skill request, productId:123456
@skill request, productId:123456
@skill request, productId:123456
@skill request, productId:123456
@skill request, productId:123456
@skill request, productId:123456
@skill request, productId:123456
@skill request, productId:123456
@skill request, productId:123456
@skill request, productId:123456
@skill request, productId:123456
@skill request, productId:123456
@skill request, productId:123456
@skill request, productId:123456
@skill request, productId:123456
@skill request, productId:123456
@skill request, productId:123456
@skill request, productId:123456
@skill request, productId:123456
@skill request, productId:123456
@skill request, productId:123456
@skill request, productId:123456
@skill request, productId:123456
@skill request, productId:123456
@skill request, productId:123456
@skill request, productId:123456
@skill request, productId:123456
@skill request, productId:123456
@skill request, productId:123456
@skill request, productId:123456
@skill request, productId:123456
@skill request, productId:123456
@skill request, productId:123456
@skill request, productId:123456
@skill request, productId:123456
@skill request, productId:123456
@skill request, productId:123456
@skill request, productId:123456
@skill request, productId:123456
@skill request, productId:123456
@skill request, productId:123456
@skill request, productId:123456
@skill request, productId:123456
@skill request, productId:123456
@skill request, productId:123456
@skill request, productId:123456
@skill request, productId:123456
@skill request, productId:123456
@skill request, productId:123456
@skill request, productId:123456
@skill request, productId:123456
@skill request, productId:123456
@skill request, productId:123456
@skill request, productId:123456
@skill request, productId:123456
@skill request, productId:123456
@skill request, productId:123456
@skill request, productId:123456
@skill request, productId:123456
@skill request, productId:123456
@skill request, productId:123456
@skill request, productId:123456
@skill request, productId:123456
@skill request, productId:123456
@skill request, productId:123456
@skill request, productId:123456
@skill request, productId:123456
@skill request, productId:123456
@skill request, productId:123456
@skill request, productId:123456
@skill request, productId:123456
@skill request, productId:123456
@skill request, productId:123456
@skill request, productId:123456
@skill request, productId:123456
@skill request, productId:123456
@skill request, productId:123456
@skill request, productId:123456
@skill request, productId:123456
@skill request, productId:123456
@skill request, productId:123456
@skill request, productId:123456
@skill request, productId:123456
@skill request, productId:123456
@skill request, productId:123456
@skill request, productId:123456
@skill request, productId:123456
@skill request, productId:123456
@skill request, productId:123456
@skill request, productId:123456
@skill request, productId:123456
@skill request, productId:123456
@skill request, productId:123456
@skill request, productId:123456
@skill request, productId:123456
@skill request, productId:123456
@skill request, productId:123456
@skill request, productId:123456
@skill request, productId:123456
@skill request, productId:123456
@skill request, productId:123456
@skill request, productId:123456
@skill request, productId:123456
@skill request, productId:123456
@skill request, productId:123456
@skill request, productId:123456
@skill request, productId:123456
@skill request, productId:123456
@skill request, productId:123456
@skill request, productId:123456
@skill request, productId:123456
@skill request, productId:123456
@skill request, productId:123456
@skill request, productId:123456
@skill request, productId:123456
@skill request, productId:123456
@skill request, productId:123456
@skill request, productId:123456
@skill request, productId:123456
@skill request, productId:123456
@skill request, productId:123456
@skill request, productId:123456
@skill request, productId:123456
@skill request, productId:123456
@skill request, productId:123456
@skill request, productId:123456
@skill request, productId:123456
@skill request, productId:123456
@skill request, productId:123456
@skill request, productId:123456
@skill request, productId:123456
@skill request, productId:123456
@skill request, productId:123456
@skill request, productId:123456
@skill request, productId:123456
@skill request, productId:123456
@skill request, productId:123456
@skill request, productId:123456
@skill request, productId:123456
@skill request, productId:123456
@skill request, productId:123456
@skill request, productId:123456
@skill request, productId:123456
@skill request, productId:123456
@skill request, productId:123456
@skill request, productId:123456
@skill request, productId:123456
@skill request, productId:123456
@skill request, productId:123456
@skill request, productId:123456
@skill request, productId:123456
@skill request, productId:123456
@skill request, productId:123456
@skill request, productId:123456
@skill request, productId:123456
@skill request, productId:123456
@skill request, productId:123456
@skill request, productId:123456
@skill request, productId:123456
@skill request, productId:123456
@skill request, productId:123456
@skill request, productId:123456
@skill request, productId:123456
@skill request, productId:123456
@skill request, productId:123456
@skill request, productId:123456
@skill request, productId:123456
@skill request, productId:123456
@skill request, productId:123456
@skill request, productId:123456
@skill request, productId:123456
@skill request, productId:123456
@skill request, productId:123456
@skill request, productId:123456
@skill request, productId:123456
@skill request, productId:123456
@skill request, productId:123456
@skill request, productId:123456
@skill request, productId:123456
@skill request, productId:123456
@skill request, productId:123456
@skill request, productId:123456
@skill request, productId:123456
@skill request, productId:123456
@skill request, productId:123456
@skill request, productId:123456
@skill request, productId:123456
@skill request, productId:123456
@skill request, productId:123456
@skill request, productId:123456
@skill request, productId:123456
@skill request, productId:123456
@skill request, productId:123456
@skill request, productId:123456
@skill request, productId:123456
@skill request, productId:123456
@skill request, productId:123456
@skill request, productId:123456
@skill request, productId:123456
@skill request, productId:123456
@skill request, productId:123456
@skill request, productId:123456
@skill request, productId:123456
@skill request, productId:123456
@skill request, productId:123456
@skill request, productId:123456
@skill request, productId:123456
@skill request, productId:123456
@skill request, productId:123456
@skill request, productId:123456
@skill request, productId:123456
@skill request, productId:123456
@skill request, productId:123456
@skill request, productId:123456
@skill request, productId:123456
@skill request, productId:123456
@skill request, productId:123456
@skill request, productId:123456
@skill request, productId:123456
@skill request, productId:123456
@skill request, productId:123456
@skill request, productId:123456
@skill request, productId:123456
@skill request, productId:123456
@skill request, productId:123456
@skill request, productId:123456
@skill request, productId:123456
@skill request, productId:123456
@skill request, productId:123456
@skill request, productId:123456
@skill request, productId:123456
@skill request, productId:123456
@skill request, productId:123456
@skill request, productId:123456
@skill request, productId:123456
@skill request, productId:123456
@skill request, productId:123456
@skill request, productId:123456
@skill request, productId:123456
@skill request, productId:123456
@skill request, productId:123456
@skill request, productId:123456
@skill request, productId:123456
@skill request, productId:123456
@skill request, productId:123456
@skill request, productId:123456
@skill request, productId:123456
@skill request, productId:123456
@skill request, productId:123456
@skill request, productId:123456
@skill request, productId:123456
@skill request, productId:123456
@skill request, productId:123456
@skill request, productId:123456
@skill request, productId:123456
@skill request, productId:123456
@skill request, productId:123456
@skill request, productId:123456
@skill request, productId:123456
@skill request, productId:123456
@skill request, productId:123456
@skill request, productId:123456
@skill request, productId:123456
@skill request, productId:123456
@skill request, productId:123456
@skill request, productId:123456
@skill request, productId:123456
@skill request, productId:123456
@skill request, productId:123456
@skill request, productId:123456
@skill request, productId:123456
@skill request, productId:123456
@skill request, productId:123456
@skill request, productId:123456
@skill request, productId:123456
@skill request, productId:123456
@skill request, productId:123456
@skill request, productId:123456
@skill request, productId:123456
@skill request, productId:123456
@skill request, productId:123456
@skill request, productId:123456
@skill request, productId:123456
@skill request, productId:123456
@skill request, productId:123456
@skill request, productId:123456
@skill request, productId:123456
@skill request, productId:123456
@skill request, productId:123456
@skill request, productId:123456
@skill request, productId:123456
@skill request, productId:123456
@skill request, productId:123456
@skill request, productId:123456
@skill request, productId:123456
@skill request, productId:123456
@skill request, productId:123456
@skill request, productId:123456
@skill request, productId:123456
@skill request, productId:123456
@skill request, productId:123456
@skill request, productId:123456
@skill request, productId:123456
@skill request, productId:123456
@skill request, productId:123456
@skill request, productId:123456
@skill request, productId:123456
@skill request, productId:123456
@skill request, productId:123456
@skill request, productId:123456
@skill request, productId:123456
@skill request, productId:123456
@skill request, productId:123456
@skill request, productId:123456
@skill request, productId:123456
@skill request, productId:123456
@skill request, productId:123456
@skill request, productId:123456
@skill request, productId:123456
@skill request, productId:123456
@skill request, productId:123456
@skill request, productId:123456
@skill request, productId:123456
@skill request, productId:123456
@skill request, productId:123456
@skill request, productId:123456
@skill request, productId:123456
@skill request, productId:123456
@skill request, productId:123456
@skill request, productId:123456
@skill request, productId:123456
@skill request, productId:123456
@skill request, productId:123456
@skill request, productId:123456
@skill request, productId:123456
@skill request, productId:123456
@skill request, productId:123456
@skill request, productId:123456
@skill request, productId:123456
@skill request, productId:123456
@skill request, productId:123456
@skill request, productId:123456
@skill request, productId:123456
@skill request, productId:123456
@skill request, productId:123456
@skill request, productId:123456
@skill request, productId:123456
@skill request, productId:123456
@skill request, productId:123456
@skill request, productId:123456
@skill request, productId:123456
@skill request, productId:123456
@skill request, productId:123456
@skill request, productId:123456
@skill request, productId:123456
@skill request, productId:123456
@skill request, productId:123456
@skill request, productId:123456
@skill request, productId:123456
@skill request, productId:123456
@skill request, productId:123456
@skill request, productId:123456
@skill request, productId:123456
@skill request, productId:123456
@skill request, productId:123456
@skill request, productId:123456
@skill request, productId:123456
@skill request, productId:123456
@skill request, productId:123456
@skill request, productId:123456
@skill request, productId:123456
@skill request, productId:123456
@skill request, productId:123456
@skill request, productId:123456
@skill request, productId:123456
@skill request, productId:123456
@skill request, productId:123456
@skill request, productId:123456
@skill request, productId:123456
@skill request, productId:123456
@skill request, productId:123456
@skill request, productId:123456
@skill request, productId:123456
@skill request, productId:123456
@skill request, productId:123456
@skill request, productId:123456
@skill request, productId:123456
@skill request, productId:123456
@skill request, productId:123456
@skill request, productId:123456
@skill request, productId:123456
@skill request, productId:123456
@skill request, productId:123456
@skill request, productId:123456
@skill request, productId:123456
@skill request, productId:123456
@skill request, productId:123456
@skill request, productId:123456
@skill request, productId:123456
@skill request, productId:123456
@skill request, productId:123456
@skill request, productId:123456
@skill request, productId:123456
HikariPool-1 - Thread starvation or clock leap detected (housekeeper delta=1m27s246ms).
HikariPool-1 - Thread starvation or clock leap detected (housekeeper delta=3m31s749ms).
HikariPool-1 - Thread starvation or clock leap detected (housekeeper delta=3m4s814ms).
HikariPool-1 - Thread starvation or clock leap detected (housekeeper delta=3m16s61ms).
HikariPool-1 - Thread starvation or clock leap detected (housekeeper delta=3m8s359ms).
HikariPool-1 - Thread starvation or clock leap detected (housekeeper delta=3m12s88ms).
HikariPool-1 - Thread starvation or clock leap detected (housekeeper delta=3m4s252ms).
HikariPool-1 - Thread starvation or clock leap detected (housekeeper delta=2m36s854ms).
Closing JPA EntityManagerFactory for persistence unit 'default'
Shutting down ExecutorService 'applicationTaskExecutor'
HikariPool-1 - Shutdown initiated...
HikariPool-1 - Shutdown completed.
