Starting SellApplication on MacBook-Pro.local with PID 12463 (/Volumes/Work/学习/SpringBootCode/target/classes started by david in /Volumes/Work/学习/SpringBootCode)
No active profile set, falling back to default profiles: default
Bootstrapping Spring Data JPA repositories in DEFERRED mode.
Finished Spring Data repository scanning in 62ms. Found 4 JPA repository interfaces.
Tomcat initialized with port(s): 8080 (http)
Initializing ProtocolHandler ["http-nio-8080"]
Starting service [Tomcat]
Starting Servlet engine: [Apache Tomcat/9.0.36]
Initializing Spring embedded WebApplicationContext
Root WebApplicationContext: initialization completed in 1379 ms
Initializing ExecutorService 'applicationTaskExecutor'
HikariPool-1 - Starting...
HikariPool-1 - Start completed.
HHH000204: Processing PersistenceUnitInfo [name: default]
HHH000412: Hibernate ORM core version 5.4.17.Final
spring.jpa.open-in-view is enabled by default. Therefore, database queries may be performed during view rendering. Explicitly configure spring.jpa.open-in-view to disable this warning
HCANN000001: Hibernate Commons Annotations {5.1.0.Final}
HHH000400: Using dialect: org.hibernate.dialect.MySQL57Dialect
Starting ProtocolHandler ["http-nio-8080"]
Tomcat started on port(s): 8080 (http) with context path '/sell'
Triggering deferred initialization of Spring Data repositories…
HHH000490: Using JtaPlatform implementation: [org.hibernate.engine.transaction.jta.platform.internal.NoJtaPlatform]
Initialized JPA EntityManagerFactory for persistence unit 'default'
Spring Data repositories initialized!
Started SellApplication in 3.317 seconds (JVM running for 4.234)
Closing JPA EntityManagerFactory for persistence unit 'default'
Shutting down ExecutorService 'applicationTaskExecutor'
HikariPool-1 - Shutdown initiated...
HikariPool-1 - Shutdown completed.
Starting SellApplication on MacBook-Pro.local with PID 12648 (/Volumes/Work/学习/SpringBootCode/target/classes started by david in /Volumes/Work/学习/SpringBootCode)
No active profile set, falling back to default profiles: default
Bootstrapping Spring Data JPA repositories in DEFERRED mode.
Finished Spring Data repository scanning in 54ms. Found 4 JPA repository interfaces.
Tomcat initialized with port(s): 8080 (http)
Initializing ProtocolHandler ["http-nio-8080"]
Starting service [Tomcat]
Starting Servlet engine: [Apache Tomcat/9.0.36]
Initializing Spring embedded WebApplicationContext
Root WebApplicationContext: initialization completed in 1160 ms
Initializing ExecutorService 'applicationTaskExecutor'
HikariPool-1 - Starting...
HikariPool-1 - Start completed.
HHH000204: Processing PersistenceUnitInfo [name: default]
HHH000412: Hibernate ORM core version 5.4.17.Final
spring.jpa.open-in-view is enabled by default. Therefore, database queries may be performed during view rendering. Explicitly configure spring.jpa.open-in-view to disable this warning
HCANN000001: Hibernate Commons Annotations {5.1.0.Final}
HHH000400: Using dialect: org.hibernate.dialect.MySQL57Dialect
Starting ProtocolHandler ["http-nio-8080"]
Tomcat started on port(s): 8080 (http) with context path '/sell'
Triggering deferred initialization of Spring Data repositories…
HHH000490: Using JtaPlatform implementation: [org.hibernate.engine.transaction.jta.platform.internal.NoJtaPlatform]
Initialized JPA EntityManagerFactory for persistence unit 'default'
Spring Data repositories initialized!
Started SellApplication in 2.995 seconds (JVM running for 3.777)
Initializing Spring DispatcherServlet 'dispatcherServlet'
Initializing Servlet 'dispatcherServlet'
Completed initialization in 14 ms
Closing JPA EntityManagerFactory for persistence unit 'default'
Shutting down ExecutorService 'applicationTaskExecutor'
HikariPool-1 - Shutdown initiated...
HikariPool-1 - Shutdown completed.
Starting SellApplication on MacBook-Pro.local with PID 12697 (/Volumes/Work/学习/SpringBootCode/target/classes started by david in /Volumes/Work/学习/SpringBootCode)
No active profile set, falling back to default profiles: default
Bootstrapping Spring Data JPA repositories in DEFERRED mode.
Finished Spring Data repository scanning in 58ms. Found 4 JPA repository interfaces.
Tomcat initialized with port(s): 8080 (http)
Initializing ProtocolHandler ["http-nio-8080"]
Starting service [Tomcat]
Starting Servlet engine: [Apache Tomcat/9.0.36]
Initializing Spring embedded WebApplicationContext
Root WebApplicationContext: initialization completed in 1212 ms
Initializing ExecutorService 'applicationTaskExecutor'
HikariPool-1 - Starting...
HikariPool-1 - Start completed.
HHH000204: Processing PersistenceUnitInfo [name: default]
HHH000412: Hibernate ORM core version 5.4.17.Final
spring.jpa.open-in-view is enabled by default. Therefore, database queries may be performed during view rendering. Explicitly configure spring.jpa.open-in-view to disable this warning
HCANN000001: Hibernate Commons Annotations {5.1.0.Final}
HHH000400: Using dialect: org.hibernate.dialect.MySQL57Dialect
Starting ProtocolHandler ["http-nio-8080"]
Tomcat started on port(s): 8080 (http) with context path '/sell'
Triggering deferred initialization of Spring Data repositories…
HHH000490: Using JtaPlatform implementation: [org.hibernate.engine.transaction.jta.platform.internal.NoJtaPlatform]
Initialized JPA EntityManagerFactory for persistence unit 'default'
Spring Data repositories initialized!
Started SellApplication in 3.316 seconds (JVM running for 4.455)
Initializing Spring DispatcherServlet 'dispatcherServlet'
Initializing Servlet 'dispatcherServlet'
Completed initialization in 7 ms
Closing JPA EntityManagerFactory for persistence unit 'default'
Shutting down ExecutorService 'applicationTaskExecutor'
HikariPool-1 - Shutdown initiated...
HikariPool-1 - Shutdown completed.
Starting SellApplication on MacBook-Pro.local with PID 12721 (/Volumes/Work/学习/SpringBootCode/target/classes started by david in /Volumes/Work/学习/SpringBootCode)
No active profile set, falling back to default profiles: default
Bootstrapping Spring Data JPA repositories in DEFERRED mode.
Finished Spring Data repository scanning in 62ms. Found 4 JPA repository interfaces.
Tomcat initialized with port(s): 8080 (http)
Initializing ProtocolHandler ["http-nio-8080"]
Starting service [Tomcat]
Starting Servlet engine: [Apache Tomcat/9.0.36]
Initializing Spring embedded WebApplicationContext
Root WebApplicationContext: initialization completed in 1300 ms
Initializing ExecutorService 'applicationTaskExecutor'
HikariPool-1 - Starting...
HikariPool-1 - Start completed.
HHH000204: Processing PersistenceUnitInfo [name: default]
HHH000412: Hibernate ORM core version 5.4.17.Final
spring.jpa.open-in-view is enabled by default. Therefore, database queries may be performed during view rendering. Explicitly configure spring.jpa.open-in-view to disable this warning
HCANN000001: Hibernate Commons Annotations {5.1.0.Final}
HHH000400: Using dialect: org.hibernate.dialect.MySQL57Dialect
Starting ProtocolHandler ["http-nio-8080"]
Tomcat started on port(s): 8080 (http) with context path '/sell'
Triggering deferred initialization of Spring Data repositories…
HHH000490: Using JtaPlatform implementation: [org.hibernate.engine.transaction.jta.platform.internal.NoJtaPlatform]
Initialized JPA EntityManagerFactory for persistence unit 'default'
Spring Data repositories initialized!
Started SellApplication in 3.32 seconds (JVM running for 4.087)
Initializing Spring DispatcherServlet 'dispatcherServlet'
Initializing Servlet 'dispatcherServlet'
Completed initialization in 9 ms
Closing JPA EntityManagerFactory for persistence unit 'default'
Shutting down ExecutorService 'applicationTaskExecutor'
HikariPool-1 - Shutdown initiated...
HikariPool-1 - Shutdown completed.
Starting SellApplication on MacBook-Pro.local with PID 12752 (/Volumes/Work/学习/SpringBootCode/target/classes started by david in /Volumes/Work/学习/SpringBootCode)
No active profile set, falling back to default profiles: default
Bootstrapping Spring Data JPA repositories in DEFERRED mode.
Finished Spring Data repository scanning in 57ms. Found 4 JPA repository interfaces.
Tomcat initialized with port(s): 8080 (http)
Initializing ProtocolHandler ["http-nio-8080"]
Starting service [Tomcat]
Starting Servlet engine: [Apache Tomcat/9.0.36]
Initializing Spring embedded WebApplicationContext
Root WebApplicationContext: initialization completed in 1248 ms
Initializing ExecutorService 'applicationTaskExecutor'
HikariPool-1 - Starting...
HikariPool-1 - Start completed.
HHH000204: Processing PersistenceUnitInfo [name: default]
HHH000412: Hibernate ORM core version 5.4.17.Final
spring.jpa.open-in-view is enabled by default. Therefore, database queries may be performed during view rendering. Explicitly configure spring.jpa.open-in-view to disable this warning
HCANN000001: Hibernate Commons Annotations {5.1.0.Final}
HHH000400: Using dialect: org.hibernate.dialect.MySQL57Dialect
Starting ProtocolHandler ["http-nio-8080"]
Tomcat started on port(s): 8080 (http) with context path '/sell'
Triggering deferred initialization of Spring Data repositories…
HHH000490: Using JtaPlatform implementation: [org.hibernate.engine.transaction.jta.platform.internal.NoJtaPlatform]
Initialized JPA EntityManagerFactory for persistence unit 'default'
Spring Data repositories initialized!
Started SellApplication in 3.216 seconds (JVM running for 3.921)
Initializing Spring DispatcherServlet 'dispatcherServlet'
Initializing Servlet 'dispatcherServlet'
Completed initialization in 11 ms
Closing JPA EntityManagerFactory for persistence unit 'default'
Shutting down ExecutorService 'applicationTaskExecutor'
HikariPool-1 - Shutdown initiated...
HikariPool-1 - Shutdown completed.
Starting SellApplication on MacBook-Pro.local with PID 12802 (/Volumes/Work/学习/SpringBootCode/target/classes started by david in /Volumes/Work/学习/SpringBootCode)
No active profile set, falling back to default profiles: default
Bootstrapping Spring Data JPA repositories in DEFERRED mode.
Finished Spring Data repository scanning in 77ms. Found 4 JPA repository interfaces.
Tomcat initialized with port(s): 8080 (http)
Initializing ProtocolHandler ["http-nio-8080"]
Starting service [Tomcat]
Starting Servlet engine: [Apache Tomcat/9.0.36]
Initializing Spring embedded WebApplicationContext
Root WebApplicationContext: initialization completed in 1277 ms
Initializing ExecutorService 'applicationTaskExecutor'
HikariPool-1 - Starting...
HikariPool-1 - Start completed.
HHH000204: Processing PersistenceUnitInfo [name: default]
HHH000412: Hibernate ORM core version 5.4.17.Final
spring.jpa.open-in-view is enabled by default. Therefore, database queries may be performed during view rendering. Explicitly configure spring.jpa.open-in-view to disable this warning
HCANN000001: Hibernate Commons Annotations {5.1.0.Final}
HHH000400: Using dialect: org.hibernate.dialect.MySQL57Dialect
Starting ProtocolHandler ["http-nio-8080"]
Tomcat started on port(s): 8080 (http) with context path '/sell'
Triggering deferred initialization of Spring Data repositories…
HHH000490: Using JtaPlatform implementation: [org.hibernate.engine.transaction.jta.platform.internal.NoJtaPlatform]
Initialized JPA EntityManagerFactory for persistence unit 'default'
Spring Data repositories initialized!
Started SellApplication in 3.213 seconds (JVM running for 3.927)
Initializing Spring DispatcherServlet 'dispatcherServlet'
Initializing Servlet 'dispatcherServlet'
Completed initialization in 10 ms
Closing JPA EntityManagerFactory for persistence unit 'default'
Shutting down ExecutorService 'applicationTaskExecutor'
HikariPool-1 - Shutdown initiated...
HikariPool-1 - Shutdown completed.
Starting SellApplication on MacBook-Pro.local with PID 12846 (/Volumes/Work/学习/SpringBootCode/target/classes started by david in /Volumes/Work/学习/SpringBootCode)
No active profile set, falling back to default profiles: default
Bootstrapping Spring Data JPA repositories in DEFERRED mode.
Finished Spring Data repository scanning in 56ms. Found 4 JPA repository interfaces.
Tomcat initialized with port(s): 8080 (http)
Initializing ProtocolHandler ["http-nio-8080"]
Starting service [Tomcat]
Starting Servlet engine: [Apache Tomcat/9.0.36]
Initializing Spring embedded WebApplicationContext
Root WebApplicationContext: initialization completed in 1120 ms
Initializing ExecutorService 'applicationTaskExecutor'
HikariPool-1 - Starting...
HikariPool-1 - Start completed.
HHH000204: Processing PersistenceUnitInfo [name: default]
HHH000412: Hibernate ORM core version 5.4.17.Final
spring.jpa.open-in-view is enabled by default. Therefore, database queries may be performed during view rendering. Explicitly configure spring.jpa.open-in-view to disable this warning
HCANN000001: Hibernate Commons Annotations {5.1.0.Final}
HHH000400: Using dialect: org.hibernate.dialect.MySQL57Dialect
Starting ProtocolHandler ["http-nio-8080"]
Tomcat started on port(s): 8080 (http) with context path '/sell'
Triggering deferred initialization of Spring Data repositories…
HHH000490: Using JtaPlatform implementation: [org.hibernate.engine.transaction.jta.platform.internal.NoJtaPlatform]
Initialized JPA EntityManagerFactory for persistence unit 'default'
Spring Data repositories initialized!
Started SellApplication in 3.026 seconds (JVM running for 3.849)
Initializing Spring DispatcherServlet 'dispatcherServlet'
Initializing Servlet 'dispatcherServlet'
Completed initialization in 6 ms
Closing JPA EntityManagerFactory for persistence unit 'default'
Shutting down ExecutorService 'applicationTaskExecutor'
HikariPool-1 - Shutdown initiated...
HikariPool-1 - Shutdown completed.
Starting SellApplication on MacBook-Pro.local with PID 12884 (/Volumes/Work/学习/SpringBootCode/target/classes started by david in /Volumes/Work/学习/SpringBootCode)
No active profile set, falling back to default profiles: default
Bootstrapping Spring Data JPA repositories in DEFERRED mode.
Finished Spring Data repository scanning in 56ms. Found 4 JPA repository interfaces.
Tomcat initialized with port(s): 8080 (http)
Initializing ProtocolHandler ["http-nio-8080"]
Starting service [Tomcat]
Starting Servlet engine: [Apache Tomcat/9.0.36]
Initializing Spring embedded WebApplicationContext
Root WebApplicationContext: initialization completed in 1116 ms
Initializing ExecutorService 'applicationTaskExecutor'
HikariPool-1 - Starting...
HikariPool-1 - Start completed.
HHH000204: Processing PersistenceUnitInfo [name: default]
HHH000412: Hibernate ORM core version 5.4.17.Final
spring.jpa.open-in-view is enabled by default. Therefore, database queries may be performed during view rendering. Explicitly configure spring.jpa.open-in-view to disable this warning
HCANN000001: Hibernate Commons Annotations {5.1.0.Final}
HHH000400: Using dialect: org.hibernate.dialect.MySQL57Dialect
Starting ProtocolHandler ["http-nio-8080"]
Tomcat started on port(s): 8080 (http) with context path '/sell'
Triggering deferred initialization of Spring Data repositories…
HHH000490: Using JtaPlatform implementation: [org.hibernate.engine.transaction.jta.platform.internal.NoJtaPlatform]
Initialized JPA EntityManagerFactory for persistence unit 'default'
Spring Data repositories initialized!
Started SellApplication in 2.918 seconds (JVM running for 3.486)
Initializing Spring DispatcherServlet 'dispatcherServlet'
Initializing Servlet 'dispatcherServlet'
Completed initialization in 7 ms
Closing JPA EntityManagerFactory for persistence unit 'default'
Shutting down ExecutorService 'applicationTaskExecutor'
HikariPool-1 - Shutdown initiated...
HikariPool-1 - Shutdown completed.
Starting SellApplication on MacBook-Pro.local with PID 12897 (/Volumes/Work/学习/SpringBootCode/target/classes started by david in /Volumes/Work/学习/SpringBootCode)
No active profile set, falling back to default profiles: default
Bootstrapping Spring Data JPA repositories in DEFERRED mode.
Finished Spring Data repository scanning in 57ms. Found 4 JPA repository interfaces.
Tomcat initialized with port(s): 8080 (http)
Initializing ProtocolHandler ["http-nio-8080"]
Starting service [Tomcat]
Starting Servlet engine: [Apache Tomcat/9.0.36]
Initializing Spring embedded WebApplicationContext
Root WebApplicationContext: initialization completed in 1239 ms
Initializing ExecutorService 'applicationTaskExecutor'
HikariPool-1 - Starting...
HikariPool-1 - Start completed.
HHH000204: Processing PersistenceUnitInfo [name: default]
HHH000412: Hibernate ORM core version 5.4.17.Final
spring.jpa.open-in-view is enabled by default. Therefore, database queries may be performed during view rendering. Explicitly configure spring.jpa.open-in-view to disable this warning
HCANN000001: Hibernate Commons Annotations {5.1.0.Final}
HHH000400: Using dialect: org.hibernate.dialect.MySQL57Dialect
Starting ProtocolHandler ["http-nio-8080"]
Tomcat started on port(s): 8080 (http) with context path '/sell'
Triggering deferred initialization of Spring Data repositories…
HHH000490: Using JtaPlatform implementation: [org.hibernate.engine.transaction.jta.platform.internal.NoJtaPlatform]
Initialized JPA EntityManagerFactory for persistence unit 'default'
Spring Data repositories initialized!
Started SellApplication in 3.286 seconds (JVM running for 3.997)
Initializing Spring DispatcherServlet 'dispatcherServlet'
Initializing Servlet 'dispatcherServlet'
Completed initialization in 8 ms
SQL Error: 1366, SQLState: HY000
Closing JPA EntityManagerFactory for persistence unit 'default'
Shutting down ExecutorService 'applicationTaskExecutor'
HikariPool-1 - Shutdown initiated...
HikariPool-1 - Shutdown completed.
Starting SellApplication on MacBook-Pro.local with PID 12949 (/Volumes/Work/学习/SpringBootCode/target/classes started by david in /Volumes/Work/学习/SpringBootCode)
No active profile set, falling back to default profiles: default
Bootstrapping Spring Data JPA repositories in DEFERRED mode.
Finished Spring Data repository scanning in 55ms. Found 4 JPA repository interfaces.
Tomcat initialized with port(s): 8080 (http)
Initializing ProtocolHandler ["http-nio-8080"]
Starting service [Tomcat]
Starting Servlet engine: [Apache Tomcat/9.0.36]
Initializing Spring embedded WebApplicationContext
Root WebApplicationContext: initialization completed in 1245 ms
Initializing ExecutorService 'applicationTaskExecutor'
HikariPool-1 - Starting...
HikariPool-1 - Start completed.
HHH000204: Processing PersistenceUnitInfo [name: default]
HHH000412: Hibernate ORM core version 5.4.17.Final
spring.jpa.open-in-view is enabled by default. Therefore, database queries may be performed during view rendering. Explicitly configure spring.jpa.open-in-view to disable this warning
HCANN000001: Hibernate Commons Annotations {5.1.0.Final}
HHH000400: Using dialect: org.hibernate.dialect.MySQL57Dialect
Starting ProtocolHandler ["http-nio-8080"]
Tomcat started on port(s): 8080 (http) with context path '/sell'
Triggering deferred initialization of Spring Data repositories…
HHH000490: Using JtaPlatform implementation: [org.hibernate.engine.transaction.jta.platform.internal.NoJtaPlatform]
Initialized JPA EntityManagerFactory for persistence unit 'default'
Spring Data repositories initialized!
Started SellApplication in 3.379 seconds (JVM running for 4.113)
Initializing Spring DispatcherServlet 'dispatcherServlet'
Initializing Servlet 'dispatcherServlet'
Completed initialization in 9 ms
HikariPool-1 - Thread starvation or clock leap detected (housekeeper delta=7m2s211ms).
Closing JPA EntityManagerFactory for persistence unit 'default'
Shutting down ExecutorService 'applicationTaskExecutor'
HikariPool-1 - Shutdown initiated...
HikariPool-1 - Shutdown completed.
Starting SellApplication on MacBook-Pro.local with PID 12995 (/Volumes/Work/学习/SpringBootCode/target/classes started by david in /Volumes/Work/学习/SpringBootCode)
No active profile set, falling back to default profiles: default
Bootstrapping Spring Data JPA repositories in DEFERRED mode.
Finished Spring Data repository scanning in 60ms. Found 4 JPA repository interfaces.
Tomcat initialized with port(s): 8080 (http)
Initializing ProtocolHandler ["http-nio-8080"]
Starting service [Tomcat]
Starting Servlet engine: [Apache Tomcat/9.0.36]
Initializing Spring embedded WebApplicationContext
Root WebApplicationContext: initialization completed in 1306 ms
Initializing ExecutorService 'applicationTaskExecutor'
HikariPool-1 - Starting...
HikariPool-1 - Start completed.
HHH000204: Processing PersistenceUnitInfo [name: default]
HHH000412: Hibernate ORM core version 5.4.17.Final
spring.jpa.open-in-view is enabled by default. Therefore, database queries may be performed during view rendering. Explicitly configure spring.jpa.open-in-view to disable this warning
HCANN000001: Hibernate Commons Annotations {5.1.0.Final}
HHH000400: Using dialect: org.hibernate.dialect.MySQL57Dialect
Starting ProtocolHandler ["http-nio-8080"]
Tomcat started on port(s): 8080 (http) with context path '/sell'
Triggering deferred initialization of Spring Data repositories…
HHH000490: Using JtaPlatform implementation: [org.hibernate.engine.transaction.jta.platform.internal.NoJtaPlatform]
Initialized JPA EntityManagerFactory for persistence unit 'default'
Spring Data repositories initialized!
Started SellApplication in 3.382 seconds (JVM running for 4.114)
Initializing Spring DispatcherServlet 'dispatcherServlet'
Initializing Servlet 'dispatcherServlet'
Completed initialization in 20 ms
